2025-11-05 22:27:51,310 - __main__ - INFO - --- Iniciando Gerador de Conteúdo e Índice do Blog ---
2025-11-05 22:27:51,310 - __main__ - WARNING - Locale 'pt_BR.UTF-8' não encontrado. Tentando 'Portuguese_Brazil.1252' (Windows)...
2025-11-05 22:27:51,310 - __main__ - ERROR - Não foi possível definir o locale para Português. Os nomes dos meses podem aparecer em inglês.
2025-11-05 22:27:51,310 - __main__ - INFO - Iniciando varredura de posts em: /home/mariano/Dev/content/blog
2025-11-05 22:27:51,310 - __main__ - INFO - Total de 0 posts encontrados.
2025-11-05 22:27:51,310 - __main__ - WARNING - Nenhum post encontrado. O índice não será gerado.
2025-11-05 22:27:51,310 - __main__ - INFO - --- Geração de Índice Finalizada (sem posts) ---
2025-11-05 22:33:16,807 - __main__ - INFO - --- Iniciando Gerador de Conteúdo e Índice do Blog ---
2025-11-05 22:33:16,807 - __main__ - WARNING - Locale 'pt_BR.UTF-8' não encontrado. Tentando 'Portuguese_Brazil.1252' (Windows)...
2025-11-05 22:33:16,807 - __main__ - ERROR - Não foi possível definir o locale para Português. Os nomes dos meses podem aparecer em inglês.
2025-11-05 22:33:16,807 - __main__ - INFO - Iniciando varredura de posts em: /home/mariano/Dev/content/blog
2025-11-05 22:33:16,807 - __main__ - INFO - Total de 0 posts encontrados.
2025-11-05 22:33:16,807 - __main__ - WARNING - Nenhum post encontrado. O índice não será gerado.
2025-11-05 22:33:16,807 - __main__ - INFO - --- Geração de Índice Finalizada (sem posts) ---
2025-11-05 22:35:01,324 - __main__ - INFO - --- Iniciando Gerador de Conteúdo e Índice do Blog ---
2025-11-05 22:35:01,325 - __main__ - WARNING - Locale 'pt_BR.UTF-8' não encontrado. Tentando 'Portuguese_Brazil.1252' (Windows)...
2025-11-05 22:35:01,325 - __main__ - ERROR - Não foi possível definir o locale para Português. Os nomes dos meses podem aparecer em inglês.
2025-11-05 22:35:01,325 - __main__ - INFO - Iniciando varredura de posts em: /home/mariano/Dev/content/blog
2025-11-05 22:35:01,325 - __main__ - INFO - Total de 0 posts encontrados.
2025-11-05 22:35:01,325 - __main__ - WARNING - Nenhum post encontrado. O índice não será gerado.
2025-11-05 22:35:01,325 - __main__ - INFO - --- Geração de Índice Finalizada (sem posts) ---
2025-11-05 22:35:34,547 - __main__ - INFO - --- Iniciando Gerador de Conteúdo e Índice do Blog ---
2025-11-05 22:35:34,547 - __main__ - WARNING - Locale 'pt_BR.UTF-8' não encontrado. Tentando 'Portuguese_Brazil.1252' (Windows)...
2025-11-05 22:35:34,547 - __main__ - ERROR - Não foi possível definir o locale para Português. Os nomes dos meses podem aparecer em inglês.
2025-11-05 22:35:34,547 - __main__ - INFO - Iniciando varredura de posts em: /home/mariano/Dev/content/blog
2025-11-05 22:35:34,547 - __main__ - INFO - Total de 0 posts encontrados.
2025-11-05 22:35:34,547 - __main__ - WARNING - Nenhum post encontrado. O índice não será gerado.
2025-11-05 22:35:34,547 - __main__ - INFO - --- Geração de Índice Finalizada (sem posts) ---
2025-11-05 22:38:07,467 - __main__ - INFO - --- Iniciando Gerador de Conteúdo e Índice do Blog ---
2025-11-05 22:38:07,467 - __main__ - WARNING - Locale 'pt_BR.UTF-8' não encontrado. Tentando 'Portuguese_Brazil.1252' (Windows)...
2025-11-05 22:38:07,467 - __main__ - ERROR - Não foi possível definir o locale para Português. Os nomes dos meses podem aparecer em inglês.
2025-11-05 22:38:07,467 - __main__ - INFO - Iniciando varredura de posts em: /home/mariano/Dev/content/blog
2025-11-05 22:38:07,467 - __main__ - INFO - Total de 0 posts encontrados.
2025-11-05 22:38:07,467 - __main__ - WARNING - Nenhum post encontrado. O índice não será gerado.
2025-11-05 22:38:07,467 - __main__ - INFO - --- Geração de Índice Finalizada (sem posts) ---
2025-11-05 22:40:29,199 - __main__ - INFO - --- Iniciando Gerador de Conteúdo e Índice do Blog ---
2025-11-05 22:40:29,199 - __main__ - WARNING - Locale 'pt_BR.UTF-8' não encontrado. Tentando 'Portuguese_Brazil.1252' (Windows)...
2025-11-05 22:40:29,199 - __main__ - ERROR - Não foi possível definir o locale para Português. Os nomes dos meses podem aparecer em inglês.
2025-11-05 22:40:29,199 - __main__ - INFO - Iniciando varredura de posts em: /home/mariano/Dev/content/blog
2025-11-05 22:40:29,199 - __main__ - INFO - Total de 0 posts encontrados.
2025-11-05 22:40:29,199 - __main__ - WARNING - Nenhum post encontrado. O índice não será gerado.
2025-11-05 22:40:29,199 - __main__ - INFO - --- Geração de Índice Finalizada (sem posts) ---
2025-11-05 22:43:36,306 - __main__ - INFO - --- Iniciando Gerador de Índice do Blog ---
2025-11-05 22:43:36,306 - __main__ - WARNING - Locale 'pt_BR.UTF-8' não encontrado. Tentando 'Portuguese_Brazil.1252' (Windows)...
2025-11-05 22:43:36,306 - __main__ - ERROR - Não foi possível definir o locale para Português. Os nomes dos meses podem aparecer em inglês.
2025-11-05 22:43:36,306 - __main__ - INFO - Iniciando varredura de posts em: /home/mariano/Dev/content/blog
2025-11-05 22:43:36,306 - __main__ - INFO - Total de 0 posts encontrados.
2025-11-05 22:43:36,306 - __main__ - WARNING - Nenhum post encontrado. O arquivo não será gerado.
2025-11-05 22:43:36,306 - __main__ - INFO - --- Geração de Arquivo Finalizada (sem posts) ---
2025-11-05 22:45:47,901 - __main__ - INFO - --- Iniciando Gerador de Índice do Blog ---
2025-11-05 22:45:47,901 - __main__ - WARNING - Locale 'pt_BR.UTF-8' não encontrado. Tentando 'Portuguese_Brazil.1252' (Windows)...
2025-11-05 22:45:47,901 - __main__ - ERROR - Não foi possível definir o locale para Português. Os nomes dos meses podem aparecer em inglês.
2025-11-05 22:45:47,901 - __main__ - INFO - Iniciando varredura de posts em: /home/mariano/Dev/content
2025-11-05 22:45:47,901 - __main__ - INFO - Total de 0 posts encontrados.
2025-11-05 22:45:47,901 - __main__ - WARNING - Nenhum post encontrado. O arquivo não será gerado.
2025-11-05 22:45:47,902 - __main__ - INFO - --- Geração de Arquivo Finalizada (sem posts) ---
2025-11-05 22:46:25,059 - __main__ - INFO - --- Iniciando Gerador de Índice do Blog ---
2025-11-05 22:46:25,060 - __main__ - WARNING - Locale 'pt_BR.UTF-8' não encontrado. Tentando 'Portuguese_Brazil.1252' (Windows)...
2025-11-05 22:46:25,060 - __main__ - ERROR - Não foi possível definir o locale para Português. Os nomes dos meses podem aparecer em inglês.
2025-11-05 22:46:25,060 - __main__ - INFO - Iniciando varredura de posts em: /home/mariano/Dev/content
2025-11-05 22:46:25,060 - __main__ - INFO - Total de 0 posts encontrados.
2025-11-05 22:46:25,060 - __main__ - WARNING - Nenhum post encontrado. O arquivo não será gerado.
2025-11-05 22:46:25,060 - __main__ - INFO - --- Geração de Arquivo Finalizada (sem posts) ---
2025-11-05 22:48:00,581 - __main__ - INFO - --- Iniciando Gerador de Índice do Blog ---
2025-11-05 22:48:00,581 - __main__ - WARNING - Locale 'pt_BR.UTF-8' não encontrado. Tentando 'Portuguese_Brazil.1252' (Windows)...
2025-11-05 22:48:00,581 - __main__ - ERROR - Não foi possível definir o locale para Português. Os nomes dos meses podem aparecer em inglês.
2025-11-05 22:48:00,581 - __main__ - INFO - Iniciando varredura de posts em: content
2025-11-05 22:48:00,582 - __main__ - INFO - Total de 2 posts encontrados.
2025-11-05 22:48:07,048 - __main__ - INFO - --- Iniciando Gerador de Índice do Blog ---
2025-11-05 22:48:07,048 - __main__ - WARNING - Locale 'pt_BR.UTF-8' não encontrado. Tentando 'Portuguese_Brazil.1252' (Windows)...
2025-11-05 22:48:07,048 - __main__ - ERROR - Não foi possível definir o locale para Português. Os nomes dos meses podem aparecer em inglês.
2025-11-05 22:48:18,508 - __main__ - INFO - --- Iniciando Gerador de Índice do Blog ---
2025-11-05 22:48:18,508 - __main__ - WARNING - Locale 'pt_BR.UTF-8' não encontrado. Tentando 'Portuguese_Brazil.1252' (Windows)...
2025-11-05 22:48:18,508 - __main__ - ERROR - Não foi possível definir o locale para Português. Os nomes dos meses podem aparecer em inglês.
2025-11-05 22:48:18,508 - __main__ - INFO - Iniciando varredura de posts em: content
2025-11-05 22:48:18,510 - __main__ - INFO - Total de 2 posts encontrados.
2025-11-05 22:48:18,510 - __main__ - INFO - Criando página de arquivo em content/arquivo.md
2025-11-05 22:48:18,510 - __main__ - INFO - Página de arquivo atualizada com sucesso.
2025-11-05 22:48:18,510 - __main__ - INFO - --- Geração de Arquivo Finalizada com Sucesso ---
